# JRE version: Java(TM) SE Runtime Environment (8.0_261-b12) (build 1.8.0_261-b12)
# Java VM: Java HotSpot(TM) 64-Bit Server VM (25.261-b12 mixed mode windows-amd64 compressed oops)
Heap:
 garbage-first heap   total 4096000K, used 1767296K [0x00000006c6000000, 0x00000006c80003e8, 0x00000007c0000000)
  region size 32768K, 30 young (983040K), 5 survivors (163840K)
 Metaspace       used 192420K, capacity 197079K, committed 197272K, reserved 1210368K
  class space    used 34846K, capacity 36430K, committed 36556K, reserved 1048576K
GC Heap History (10 events):
Event: 133.009 GC heap before
{Heap before GC invocations=52 (full 0):
 garbage-first heap   total 4096000K, used 1560687K [0x00000006c6000000, 0x00000006c80003e8, 0x00000007c0000000)
  region size 32768K, 25 young (819200K), 7 survivors (229376K)
 Metaspace       used 177039K, capacity 180673K, committed 180888K, reserved 1198080K
  class space    used 31769K, capacity 32970K, committed 32972K, reserved 1048576K
Event: 133.064 GC heap after
Heap after GC invocations=53 (full 0):
 garbage-first heap   total 4096000K, used 901336K [0x00000006c6000000, 0x00000006c80003e8, 0x00000007c0000000)
  region size 32768K, 3 young (98304K), 3 survivors (98304K)
 Metaspace       used 177039K, capacity 180673K, committed 180888K, reserved 1198080K
  class space    used 31769K, capacity 32970K, committed 32972K, reserved 1048576K
}
Event: 135.450 GC heap before
{Heap before GC invocations=53 (full 0):
 garbage-first heap   total 4096000K, used 1622232K [0x00000006c6000000, 0x00000006c80003e8, 0x00000007c0000000)
  region size 32768K, 25 young (819200K), 3 survivors (98304K)
 Metaspace       used 180223K, capacity 184059K, committed 184472K, reserved 1200128K
  class space    used 32431K, capacity 33689K, committed 33740K, reserved 1048576K
Event: 135.494 GC heap after
Heap after GC invocations=54 (full 0):
 garbage-first heap   total 4096000K, used 934104K [0x00000006c6000000, 0x00000006c80003e8, 0x00000007c0000000)
  region size 32768K, 4 young (131072K), 4 survivors (131072K)
 Metaspace       used 180223K, capacity 184059K, committed 184472K, reserved 1200128K
  class space    used 32431K, capacity 33689K, committed 33740K, reserved 1048576K
}
Event: 137.953 GC heap before
{Heap before GC invocations=54 (full 0):
 garbage-first heap   total 4096000K, used 1622232K [0x00000006c6000000, 0x00000006c80003e8, 0x00000007c0000000)
  region size 32768K, 25 young (819200K), 4 survivors (131072K)
 Metaspace       used 182456K, capacity 186455K, committed 186776K, reserved 1202176K
  class space    used 32908K, capacity 34203K, committed 34252K, reserved 1048576K
Event: 138.006 GC heap after
Heap after GC invocations=55 (full 0):
 garbage-first heap   total 4096000K, used 931712K [0x00000006c6000000, 0x00000006c80003e8, 0x00000007c0000000)
  region size 32768K, 3 young (98304K), 3 survivors (98304K)
 Metaspace       used 182456K, capacity 186455K, committed 186776K, reserved 1202176K
  class space    used 32908K, capacity 34203K, committed 34252K, reserved 1048576K
}
Event: 140.658 GC heap before
{Heap before GC invocations=55 (full 0):
 garbage-first heap   total 4096000K, used 1718144K [0x00000006c6000000, 0x00000006c80003e8, 0x00000007c0000000)
  region size 32768K, 27 young (884736K), 3 survivors (98304K)
 Metaspace       used 185514K, capacity 189701K, committed 190104K, reserved 1204224K
  class space    used 33532K, capacity 34922K, committed 35020K, reserved 1048576K
Event: 140.703 GC heap after
Heap after GC invocations=56 (full 0):
 garbage-first heap   total 4096000K, used 948096K [0x00000006c6000000, 0x00000006c80003e8, 0x00000007c0000000)
  region size 32768K, 4 young (131072K), 4 survivors (131072K)
 Metaspace       used 185514K, capacity 189701K, committed 190104K, reserved 1204224K
  class space    used 33532K, capacity 34922K, committed 35020K, reserved 1048576K
}
Event: 143.032 GC heap before
{Heap before GC invocations=56 (full 0):
 garbage-first heap   total 4096000K, used 1701760K [0x00000006c6000000, 0x00000006c80003e8, 0x00000007c0000000)
  region size 32768K, 28 young (917504K), 4 survivors (131072K)
 Metaspace       used 189618K, capacity 193961K, committed 194176K, reserved 1208320K
  class space    used 34321K, capacity 35782K, committed 35788K, reserved 1048576K
Event: 143.076 GC heap after
Heap after GC invocations=57 (full 0):
 garbage-first heap   total 4096000K, used 980864K [0x00000006c6000000, 0x00000006c80003e8, 0x00000007c0000000)
  region size 32768K, 5 young (163840K), 5 survivors (163840K)
 Metaspace       used 189618K, capacity 193961K, committed 194176K, reserved 1208320K
  class space    used 34321K, capacity 35782K, committed 35788K, reserved 1048576K
}

