# JRE version: Java(TM) SE Runtime Environment (8.0_261-b12) (build 1.8.0_261-b12)
# Java VM: Java HotSpot(TM) 64-Bit Server VM (25.261-b12 mixed mode windows-amd64 compressed oops)
Heap:
 garbage-first heap   total 5111808K, used 1166286K [0x0000000682000000, 0x00000006840004e0, 0x00000007c0000000)
  region size 32768K, 7 young (229376K), 3 survivors (98304K)
 Metaspace       used 195399K, capacity 199982K, committed 200064K, reserved 1212416K
  class space    used 35618K, capacity 37182K, committed 37248K, reserved 1048576K
GC Heap History (10 events):
Event: 108.328 GC heap before
{Heap before GC invocations=46 (full 0):
 garbage-first heap   total 5111808K, used 1910546K [0x0000000682000000, 0x00000006840004e0, 0x00000007c0000000)
  region size 32768K, 31 young (1015808K), 3 survivors (98304K)
 Metaspace       used 176329K, capacity 179733K, committed 180200K, reserved 1196032K
  class space    used 31798K, capacity 32943K, committed 33000K, reserved 1048576K
Event: 108.367 GC heap after
Heap after GC invocations=47 (full 0):
 garbage-first heap   total 5111808K, used 1025810K [0x0000000682000000, 0x00000006840004e0, 0x00000007c0000000)
  region size 32768K, 4 young (131072K), 4 survivors (131072K)
 Metaspace       used 176329K, capacity 179733K, committed 180200K, reserved 1196032K
  class space    used 31798K, capacity 32943K, committed 33000K, reserved 1048576K
}
Event: 110.790 GC heap before
{Heap before GC invocations=47 (full 0):
 garbage-first heap   total 5111808K, used 1910546K [0x0000000682000000, 0x00000006840004e0, 0x00000007c0000000)
  region size 32768K, 31 young (1015808K), 4 survivors (131072K)
 Metaspace       used 180452K, capacity 184099K, committed 184296K, reserved 1200128K
  class space    used 32745K, capacity 34012K, committed 34024K, reserved 1048576K
Event: 110.837 GC heap after
Heap after GC invocations=48 (full 0):
 garbage-first heap   total 5111808K, used 1034517K [0x0000000682000000, 0x00000006840004e0, 0x00000007c0000000)
  region size 32768K, 3 young (98304K), 3 survivors (98304K)
 Metaspace       used 180452K, capacity 184099K, committed 184296K, reserved 1200128K
  class space    used 32745K, capacity 34012K, committed 34024K, reserved 1048576K
}
Event: 113.167 GC heap before
{Heap before GC invocations=48 (full 0):
 garbage-first heap   total 5111808K, used 1952021K [0x0000000682000000, 0x00000006840004e0, 0x00000007c0000000)
  region size 32768K, 31 young (1015808K), 3 survivors (98304K)
 Metaspace       used 184251K, capacity 188187K, committed 188520K, reserved 1202176K
  class space    used 33516K, capacity 34824K, committed 34920K, reserved 1048576K
Event: 113.210 GC heap after
Heap after GC invocations=49 (full 0):
 garbage-first heap   total 5111808K, used 1050901K [0x0000000682000000, 0x00000006840004e0, 0x00000007c0000000)
  region size 32768K, 4 young (131072K), 4 survivors (131072K)
 Metaspace       used 184251K, capacity 188187K, committed 188520K, reserved 1202176K
  class space    used 33516K, capacity 34824K, committed 34920K, reserved 1048576K
}
Event: 116.851 GC heap before
{Heap before GC invocations=49 (full 0):
 garbage-first heap   total 5111808K, used 2394389K [0x0000000682000000, 0x00000006840004e0, 0x00000007c0000000)
  region size 32768K, 46 young (1507328K), 4 survivors (131072K)
 Metaspace       used 189529K, capacity 193681K, committed 193880K, reserved 1208320K
  class space    used 34485K, capacity 35921K, committed 35944K, reserved 1048576K
Event: 116.897 GC heap after
Heap after GC invocations=50 (full 0):
 garbage-first heap   total 5111808K, used 1083669K [0x0000000682000000, 0x00000006840004e0, 0x00000007c0000000)
  region size 32768K, 5 young (163840K), 5 survivors (163840K)
 Metaspace       used 189529K, capacity 193681K, committed 193880K, reserved 1208320K
  class space    used 34485K, capacity 35921K, committed 35944K, reserved 1048576K
}
Event: 120.074 GC heap before
{Heap before GC invocations=51 (full 0):
 garbage-first heap   total 5111808K, used 2230549K [0x0000000682000000, 0x00000006840004e0, 0x00000007c0000000)
  region size 32768K, 40 young (1310720K), 5 survivors (163840K)
 Metaspace       used 194896K, capacity 199412K, committed 199680K, reserved 1212416K
  class space    used 35529K, capacity 37087K, committed 37120K, reserved 1048576K
Event: 120.138 GC heap after
Heap after GC invocations=52 (full 0):
 garbage-first heap   total 5111808K, used 1067982K [0x0000000682000000, 0x00000006840004e0, 0x00000007c0000000)
  region size 32768K, 3 young (98304K), 3 survivors (98304K)
 Metaspace       used 194896K, capacity 199412K, committed 199680K, reserved 1212416K
  class space    used 35529K, capacity 37087K, committed 37120K, reserved 1048576K
}

