# JRE version: Java(TM) SE Runtime Environment (8.0_261-b12) (build 1.8.0_261-b12)
# Java VM: Java HotSpot(TM) 64-Bit Server VM (25.261-b12 mixed mode windows-amd64 compressed oops)
Heap:
 garbage-first heap   total 5111808K, used 1745964K [0x0000000682000000, 0x00000006840004e0, 0x00000007c0000000)
  region size 32768K, 26 young (851968K), 4 survivors (131072K)
 Metaspace       used 195902K, capacity 200549K, committed 200648K, reserved 1212416K
  class space    used 35640K, capacity 37214K, committed 37220K, reserved 1048576K
GC Heap History (10 events):
Event: 129.761 GC heap before
{Heap before GC invocations=45 (full 0):
 garbage-first heap   total 5111808K, used 1263336K [0x0000000682000000, 0x00000006840004e0, 0x00000007c0000000)
  region size 32768K, 12 young (393216K), 3 survivors (98304K)
 Metaspace       used 178314K, capacity 181843K, committed 182320K, reserved 1198080K
  class space    used 32204K, capacity 33408K, committed 33484K, reserved 1048576K
Event: 129.793 GC heap after
Heap after GC invocations=46 (full 0):
 garbage-first heap   total 5111808K, used 1001192K [0x0000000682000000, 0x00000006840004e0, 0x00000007c0000000)
  region size 32768K, 3 young (98304K), 3 survivors (98304K)
 Metaspace       used 178314K, capacity 181843K, committed 182320K, reserved 1198080K
  class space    used 32204K, capacity 33408K, committed 33484K, reserved 1048576K
}
Event: 132.904 GC heap before
{Heap before GC invocations=47 (full 0):
 garbage-first heap   total 5111808K, used 1918696K [0x0000000682000000, 0x00000006840004e0, 0x00000007c0000000)
  region size 32768K, 31 young (1015808K), 3 survivors (98304K)
 Metaspace       used 182243K, capacity 186043K, committed 186568K, reserved 1202176K
  class space    used 33046K, capacity 34355K, committed 34404K, reserved 1048576K
Event: 132.951 GC heap after
Heap after GC invocations=48 (full 0):
 garbage-first heap   total 5111808K, used 1033960K [0x0000000682000000, 0x00000006840004e0, 0x00000007c0000000)
  region size 32768K, 4 young (131072K), 4 survivors (131072K)
 Metaspace       used 182243K, capacity 186043K, committed 186568K, reserved 1202176K
  class space    used 33046K, capacity 34355K, committed 34404K, reserved 1048576K
}
Event: 135.977 GC heap before
{Heap before GC invocations=49 (full 0):
 garbage-first heap   total 5111808K, used 1918696K [0x0000000682000000, 0x00000006840004e0, 0x00000007c0000000)
  region size 32768K, 31 young (1015808K), 4 survivors (131072K)
 Metaspace       used 185041K, capacity 189059K, committed 189512K, reserved 1204224K
  class space    used 33644K, capacity 34991K, committed 35044K, reserved 1048576K
Event: 136.036 GC heap after
Heap after GC invocations=50 (full 0):
 garbage-first heap   total 5111808K, used 1028767K [0x0000000682000000, 0x00000006840004e0, 0x00000007c0000000)
  region size 32768K, 3 young (98304K), 3 survivors (98304K)
 Metaspace       used 185041K, capacity 189059K, committed 189512K, reserved 1204224K
  class space    used 33644K, capacity 34991K, committed 35044K, reserved 1048576K
}
Event: 138.924 GC heap before
{Heap before GC invocations=50 (full 0):
 garbage-first heap   total 5111808K, used 1946271K [0x0000000682000000, 0x00000006840004e0, 0x00000007c0000000)
  region size 32768K, 31 young (1015808K), 3 survivors (98304K)
 Metaspace       used 188736K, capacity 192897K, committed 193096K, reserved 1206272K
  class space    used 34318K, capacity 35762K, committed 35812K, reserved 1048576K
Event: 138.973 GC heap after
Heap after GC invocations=51 (full 0):
 garbage-first heap   total 5111808K, used 1051513K [0x0000000682000000, 0x00000006840004e0, 0x00000007c0000000)
  region size 32768K, 4 young (131072K), 4 survivors (131072K)
 Metaspace       used 188736K, capacity 192897K, committed 193096K, reserved 1206272K
  class space    used 34318K, capacity 35762K, committed 35812K, reserved 1048576K
}
Event: 141.656 GC heap before
{Heap before GC invocations=51 (full 0):
 garbage-first heap   total 5111808K, used 1936249K [0x0000000682000000, 0x00000006840004e0, 0x00000007c0000000)
  region size 32768K, 31 young (1015808K), 4 survivors (131072K)
 Metaspace       used 193239K, capacity 197509K, committed 197832K, reserved 1210368K
  class space    used 35155K, capacity 36654K, committed 36708K, reserved 1048576K
Event: 141.704 GC heap after
Heap after GC invocations=52 (full 0):
 garbage-first heap   total 5111808K, used 1057836K [0x0000000682000000, 0x00000006840004e0, 0x00000007c0000000)
  region size 32768K, 4 young (131072K), 4 survivors (131072K)
 Metaspace       used 193239K, capacity 197509K, committed 197832K, reserved 1210368K
  class space    used 35155K, capacity 36654K, committed 36708K, reserved 1048576K
}

