# JRE version: Java(TM) SE Runtime Environment (8.0_261-b12) (build 1.8.0_261-b12)
# Java VM: Java HotSpot(TM) 64-Bit Server VM (25.261-b12 mixed mode windows-amd64 compressed oops)
Heap:
 garbage-first heap   total 5111808K, used 2118349K [0x0000000682000000, 0x00000006840004e0, 0x00000007c0000000)
  region size 32768K, 35 young (1146880K), 3 survivors (98304K)
 Metaspace       used 194307K, capacity 198894K, committed 199240K, reserved 1212416K
  class space    used 35309K, capacity 36889K, committed 36936K, reserved 1048576K
GC Heap History (10 events):
Event: 133.739 GC heap before
{Heap before GC invocations=49 (full 0):
 garbage-first heap   total 5111808K, used 1971527K [0x0000000682000000, 0x00000006840004e0, 0x00000007c0000000)
  region size 32768K, 31 young (1015808K), 3 survivors (98304K)
 Metaspace       used 180219K, capacity 183950K, committed 184508K, reserved 1200128K
  class space    used 32651K, capacity 33928K, committed 33980K, reserved 1048576K
Event: 133.818 GC heap after
Heap after GC invocations=50 (full 0):
 garbage-first heap   total 5111808K, used 1109066K [0x0000000682000000, 0x00000006840004e0, 0x00000007c0000000)
  region size 32768K, 4 young (131072K), 4 survivors (131072K)
 Metaspace       used 180219K, capacity 183950K, committed 184508K, reserved 1200128K
  class space    used 32651K, capacity 33928K, committed 33980K, reserved 1048576K
}
Event: 138.009 GC heap before
{Heap before GC invocations=50 (full 0):
 garbage-first heap   total 5111808K, used 1993802K [0x0000000682000000, 0x00000006840004e0, 0x00000007c0000000)
  region size 32768K, 31 young (1015808K), 4 survivors (131072K)
 Metaspace       used 183089K, capacity 186970K, committed 187452K, reserved 1202176K
  class space    used 33263K, capacity 34566K, committed 34620K, reserved 1048576K
Event: 138.060 GC heap after
Heap after GC invocations=51 (full 0):
 garbage-first heap   total 5111808K, used 1092682K [0x0000000682000000, 0x00000006840004e0, 0x00000007c0000000)
  region size 32768K, 3 young (98304K), 3 survivors (98304K)
 Metaspace       used 183089K, capacity 186970K, committed 187452K, reserved 1202176K
  class space    used 33263K, capacity 34566K, committed 34620K, reserved 1048576K
}
Event: 141.421 GC heap before
{Heap before GC invocations=51 (full 0):
 garbage-first heap   total 5111808K, used 2010186K [0x0000000682000000, 0x00000006840004e0, 0x00000007c0000000)
  region size 32768K, 31 young (1015808K), 3 survivors (98304K)
 Metaspace       used 186776K, capacity 190808K, committed 191036K, reserved 1204224K
  class space    used 33934K, capacity 35337K, committed 35388K, reserved 1048576K
Event: 141.466 GC heap after
Heap after GC invocations=52 (full 0):
 garbage-first heap   total 5111808K, used 1125450K [0x0000000682000000, 0x00000006840004e0, 0x00000007c0000000)
  region size 32768K, 4 young (131072K), 4 survivors (131072K)
 Metaspace       used 186776K, capacity 190808K, committed 191036K, reserved 1204224K
  class space    used 33934K, capacity 35337K, committed 35388K, reserved 1048576K
}
Event: 143.101 GC heap before
{Heap before GC invocations=52 (full 0):
 garbage-first heap   total 5111808K, used 1551434K [0x0000000682000000, 0x00000006840004e0, 0x00000007c0000000)
  region size 32768K, 18 young (589824K), 4 survivors (131072K)
 Metaspace       used 188935K, capacity 193134K, committed 193340K, reserved 1206272K
  class space    used 34394K, capacity 35872K, committed 35900K, reserved 1048576K
Event: 143.147 GC heap after
Heap after GC invocations=53 (full 0):
 garbage-first heap   total 5111808K, used 1118925K [0x0000000682000000, 0x00000006840004e0, 0x00000007c0000000)
  region size 32768K, 3 young (98304K), 3 survivors (98304K)
 Metaspace       used 188935K, capacity 193134K, committed 193340K, reserved 1206272K
  class space    used 34394K, capacity 35872K, committed 35900K, reserved 1048576K
}
Event: 146.127 GC heap before
{Heap before GC invocations=54 (full 0):
 garbage-first heap   total 5111808K, used 2036429K [0x0000000682000000, 0x00000006840004e0, 0x00000007c0000000)
  region size 32768K, 31 young (1015808K), 3 survivors (98304K)
 Metaspace       used 192775K, capacity 197152K, committed 197448K, reserved 1210368K
  class space    used 35045K, capacity 36552K, committed 36680K, reserved 1048576K
Event: 146.171 GC heap after
Heap after GC invocations=55 (full 0):
 garbage-first heap   total 5111808K, used 1102541K [0x0000000682000000, 0x00000006840004e0, 0x00000007c0000000)
  region size 32768K, 3 young (98304K), 3 survivors (98304K)
 Metaspace       used 192775K, capacity 197152K, committed 197448K, reserved 1210368K
  class space    used 35045K, capacity 36552K, committed 36680K, reserved 1048576K
}

